#
# There is insufficient memory for the Java Runtime Environment to continue.
# Native memory allocation (malloc) failed to allocate 1695856 bytes for Chunk::new
# Possible reasons:
#   The system is out of physical RAM or swap space
#   In 32 bit mode, the process size limit was hit
# Possible solutions:
#   Reduce memory load on the system
#   Increase physical memory or swap space
#   Check if swap backing store is full
#   Use 64 bit Java on a 64 bit OS
#   Decrease Java heap size (-Xmx/-Xms)
#   Decrease number of Java threads
#   Decrease Java thread stack sizes (-Xss)
#   Set larger code cache with -XX:ReservedCodeCacheSize=
# This output file may be truncated or incomplete.
#
#  Out of Memory Error (allocation.cpp:390), pid=8676, tid=7872
#
# JRE version: Java(TM) SE Runtime Environment (8.0_65-b17) (build 1.8.0_65-b17)
# Java VM: Java HotSpot(TM) 64-Bit Server VM (25.65-b01 mixed mode windows-amd64 compressed oops)
# Failed to write core dump. Minidumps are not enabled by default on client versions of Windows
#

---------------  T H R E A D  ---------------

Current thread (0x0000000016bc1000):  JavaThread "C2 CompilerThread1" daemon [_thread_in_native, id=7872, stack(0x0000000018300000,0x0000000018400000)]

Stack: [0x0000000018300000,0x0000000018400000]
[error occurred during error reporting (printing stack bounds), id 0xc0000005]

Native frames: (J=compiled Java code, j=interpreted, Vv=VM code, C=native code)


Current CompileTask:
C2:3498129 20050   !   4       java.beans.Introspector::getPublicDeclaredMethods (140 bytes)


---------------  P R O C E S S  ---------------

Java Threads: ( => current thread )
  0x0000000022153000 JavaThread "Stdin handler" [_thread_blocked, id=10688, stack(0x0000000039d70000,0x0000000039e70000)]
  0x0000000022151800 JavaThread "Asynchronous log dispatcher for DefaultDaemonConnection: socket connection from /127.0.0.1:49620 to /127.0.0.1:51287" [_thread_blocked, id=10548, stack(0x0000000039c70000,0x0000000039d70000)]
  0x0000000022158800 JavaThread "Daemon worker Thread 15" [_thread_in_native, id=2288, stack(0x0000000039b70000,0x0000000039c70000)]
  0x0000000022157000 JavaThread "Cancel handler" [_thread_blocked, id=11124, stack(0x0000000039a70000,0x0000000039b70000)]
  0x0000000022155800 JavaThread "Handler for socket connection from /127.0.0.1:49620 to /127.0.0.1:51287" [_thread_in_native, id=13184, stack(0x0000000039970000,0x0000000039a70000)]
  0x0000000022157800 JavaThread "Daemon Thread 15" [_thread_blocked, id=6852, stack(0x0000000039870000,0x0000000039970000)]
  0x0000000022154800 JavaThread "pool-48-thread-4" [_thread_blocked, id=15160, stack(0x0000000031c70000,0x0000000031d70000)]
  0x000000001e2c4800 JavaThread "pool-48-thread-3" [_thread_blocked, id=15132, stack(0x000000002d270000,0x000000002d370000)]
  0x000000001e2c3800 JavaThread "pool-48-thread-2" [_thread_blocked, id=6520, stack(0x000000002d170000,0x000000002d270000)]
  0x000000001e2c3000 JavaThread "pool-48-thread-1" [_thread_blocked, id=9368, stack(0x000000002d070000,0x000000002d170000)]
  0x0000000019dd5000 JavaThread "File lock request listener" [_thread_in_native, id=11972, stack(0x000000001c9f0000,0x000000001caf0000)]
  0x0000000019170000 JavaThread "Incoming local TCP Connector on port 49620" [_thread_in_native, id=14060, stack(0x000000001a910000,0x000000001aa10000)]
  0x00000000196d8800 JavaThread "pool-1-thread-1" [_thread_blocked, id=3808, stack(0x000000001a610000,0x000000001a710000)]
  0x000000001850a800 JavaThread "Service Thread" daemon [_thread_blocked, id=5388, stack(0x0000000018900000,0x0000000018a00000)]
  0x0000000016bc4000 JavaThread "C1 CompilerThread2" daemon [_thread_blocked, id=10320, stack(0x0000000018400000,0x0000000018500000)]
=>0x0000000016bc1000 JavaThread "C2 CompilerThread1" daemon [_thread_in_native, id=7872, stack(0x0000000018300000,0x0000000018400000)]
  0x0000000016bbe800 JavaThread "C2 CompilerThread0" daemon [_thread_blocked, id=2600, stack(0x0000000018200000,0x0000000018300000)]
  0x0000000016bbc000 JavaThread "Attach Listener" daemon [_thread_blocked, id=16292, stack(0x0000000018100000,0x0000000018200000)]
  0x0000000016bba800 JavaThread "Signal Dispatcher" daemon [_thread_blocked, id=8640, stack(0x0000000018000000,0x0000000018100000)]
  0x0000000003246000 JavaThread "Finalizer" daemon [_thread_blocked, id=3804, stack(0x0000000017e10000,0x0000000017f10000)]
  0x000000000323d000 JavaThread "Reference Handler" daemon [_thread_blocked, id=11720, stack(0x0000000017d10000,0x0000000017e10000)]
  0x000000000314d800 JavaThread "main" [_thread_blocked, id=1268, stack(0x0000000002fd0000,0x00000000030d0000)]

Other Threads:
  0x0000000016b87800 VMThread [stack: 0x0000000017c10000,0x0000000017d10000] [id=15284]
  0x0000000018552000 WatcherThread [stack: 0x0000000018a00000,0x0000000018b00000] [id=4168]

VM state:not at safepoint (normal execution)

VM Mutex/Monitor currently owned by a thread: None

Heap:
 PSYoungGen      total 185344K, used 11994K [0x00000000e0000000, 0x00000000eec80000, 0x0000000100000000)
  eden space 136704K, 6% used [0x00000000e0000000,0x00000000e087e1a0,0x00000000e8580000)
  from space 48640K, 6% used [0x00000000ebd00000,0x00000000ec0386e0,0x00000000eec80000)
  to   space 52736K, 0% used [0x00000000e8580000,0x00000000e8580000,0x00000000eb900000)
 ParOldGen       total 151040K, used 112733K [0x00000000a0000000, 0x00000000a9380000, 0x00000000e0000000)
  object space 151040K, 74% used [0x00000000a0000000,0x00000000a6e17588,0x00000000a9380000)
 Metaspace       used 75657K, capacity 81684K, committed 81812K, reserved 1120256K
  class space    used 9924K, capacity 10825K, committed 10940K, reserved 1048576K

Card table byte_map: [0x0000000012610000,0x0000000012920000] byte_map_base: 0x0000000012110000

Marking Bits: (ParMarkBitMap*) 0x0000000077f7a5b0
 Begin Bits: [0x0000000012f20000, 0x0000000014720000)
 End Bits:   [0x0000000014720000, 0x0000000015f20000)

Polling page: 0x0000000001270000

CodeCache: size=245760Kb used=57096Kb max_used=57534Kb free=188663Kb
 bounds [0x0000000003250000, 0x0000000006ae0000, 0x0000000012250000]
 total_blobs=16559 nmethods=15768 adapters=701
 compilation: enabled

Compilation events (10 events):
Event: 3495.023 Thread 0x0000000016bc4000 20057       3       org.gradle.internal.service.DefaultServiceRegistry$OwnServices::<init> (6 bytes)
Event: 3495.024 Thread 0x0000000016bc4000 nmethod 20057 0x0000000005d8d550 code [0x0000000005d8d6c0, 0x0000000005d8d8f0]
Event: 3495.030 Thread 0x0000000016bc4000 20058       3       org.gradle.invocation.DefaultGradle_Decorated::getStartParameter (38 bytes)
Event: 3495.032 Thread 0x0000000016bc4000 nmethod 20058 0x00000000039ecdd0 code [0x00000000039ecfc0, 0x00000000039ed918]
Event: 3495.032 Thread 0x0000000016bc4000 20059       3       com.google.common.cache.CacheBuilder::build (14 bytes)
Event: 3495.032 Thread 0x0000000016bc4000 nmethod 20059 0x0000000004241910 code [0x0000000004241ac0, 0x0000000004242068]
Event: 3495.032 Thread 0x0000000016bc4000 20060       3       com.google.common.cache.LocalCache$LocalLoadingCache::<init> (21 bytes)
Event: 3495.033 Thread 0x0000000016bc4000 nmethod 20060 0x000000000448ff90 code [0x0000000004490140, 0x00000000044905d8]
Event: 3495.034 Thread 0x0000000016bc4000 20061       3       org.gradle.internal.event.DefaultListenerManager$EventBroadcast::<init> (97 bytes)
Event: 3495.036 Thread 0x0000000016bc4000 nmethod 20061 0x0000000004c5f150 code [0x0000000004c5f3a0, 0x0000000004c5ff88]

GC Heap History (10 events):
Event: 2826.470 GC heap before
{Heap before GC invocations=41 (full 3):
 PSYoungGen      total 212992K, used 182315K [0x00000000e0000000, 0x00000000f1600000, 0x0000000100000000)
  eden space 158208K, 100% used [0x00000000e0000000,0x00000000e9a80000,0x00000000e9a80000)
  from space 54784K, 44% used [0x00000000e9a80000,0x00000000eb20ac08,0x00000000ed000000)
  to   space 52224K, 0% used [0x00000000ee300000,0x00000000ee300000,0x00000000f1600000)
 ParOldGen       total 151040K, used 98627K [0x00000000a0000000, 0x00000000a9380000, 0x00000000e0000000)
  object space 151040K, 65% used [0x00000000a0000000,0x00000000a6050e00,0x00000000a9380000)
 Metaspace       used 74926K, capacity 80810K, committed 80916K, reserved 1120256K
  class space    used 9869K, capacity 10742K, committed 10812K, reserved 1048576K
Event: 2826.518 GC heap after
Heap after GC invocations=41 (full 3):
 PSYoungGen      total 179200K, used 10640K [0x00000000e0000000, 0x00000000efc00000, 0x0000000100000000)
  eden space 153600K, 0% used [0x00000000e0000000,0x00000000e0000000,0x00000000e9600000)
  from space 25600K, 41% used [0x00000000ee300000,0x00000000eed64020,0x00000000efc00000)
  to   space 52224K, 0% used [0x00000000e9600000,0x00000000e9600000,0x00000000ec900000)
 ParOldGen       total 151040K, used 112709K [0x00000000a0000000, 0x00000000a9380000, 0x00000000e0000000)
  object space 151040K, 74% used [0x00000000a0000000,0x00000000a6e11588,0x00000000a9380000)
 Metaspace       used 74926K, capacity 80810K, committed 80916K, reserved 1120256K
  class space    used 9869K, capacity 10742K, committed 10812K, reserved 1048576K
}
Event: 2904.369 GC heap before
{Heap before GC invocations=42 (full 3):
 PSYoungGen      total 179200K, used 164240K [0x00000000e0000000, 0x00000000efc00000, 0x0000000100000000)
  eden space 153600K, 100% used [0x00000000e0000000,0x00000000e9600000,0x00000000e9600000)
  from space 25600K, 41% used [0x00000000ee300000,0x00000000eed64020,0x00000000efc00000)
  to   space 52224K, 0% used [0x00000000e9600000,0x00000000e9600000,0x00000000ec900000)
 ParOldGen       total 151040K, used 112709K [0x00000000a0000000, 0x00000000a9380000, 0x00000000e0000000)
  object space 151040K, 74% used [0x00000000a0000000,0x00000000a6e11588,0x00000000a9380000)
 Metaspace       used 75317K, capacity 81318K, committed 81556K, reserved 1120256K
  class space    used 9915K, capacity 10814K, committed 10940K, reserved 1048576K
Event: 2904.385 GC heap after
Heap after GC invocations=42 (full 3):
 PSYoungGen      total 158208K, used 8767K [0x00000000e0000000, 0x00000000ef780000, 0x0000000100000000)
  eden space 148992K, 0% used [0x00000000e0000000,0x00000000e0000000,0x00000000e9180000)
  from space 9216K, 95% used [0x00000000e9600000,0x00000000e9e8fc50,0x00000000e9f00000)
  to   space 52224K, 0% used [0x00000000ec480000,0x00000000ec480000,0x00000000ef780000)
 ParOldGen       total 151040K, used 112717K [0x00000000a0000000, 0x00000000a9380000, 0x00000000e0000000)
  object space 151040K, 74% used [0x00000000a0000000,0x00000000a6e13588,0x00000000a9380000)
 Metaspace       used 75317K, capacity 81318K, committed 81556K, reserved 1120256K
  class space    used 9915K, capacity 10814K, committed 10940K, reserved 1048576K
}
Event: 2913.323 GC heap before
{Heap before GC invocations=43 (full 3):
 PSYoungGen      total 158208K, used 157759K [0x00000000e0000000, 0x00000000ef780000, 0x0000000100000000)
  eden space 148992K, 100% used [0x00000000e0000000,0x00000000e9180000,0x00000000e9180000)
  from space 9216K, 95% used [0x00000000e9600000,0x00000000e9e8fc50,0x00000000e9f00000)
  to   space 52224K, 0% used [0x00000000ec480000,0x00000000ec480000,0x00000000ef780000)
 ParOldGen       total 151040K, used 112717K [0x00000000a0000000, 0x00000000a9380000, 0x00000000e0000000)
  object space 151040K, 74% used [0x00000000a0000000,0x00000000a6e13588,0x00000000a9380000)
 Metaspace       used 75446K, capacity 81446K, committed 81812K, reserved 1120256K
  class space    used 9915K, capacity 10814K, committed 10940K, reserved 1048576K
Event: 2913.340 GC heap after
Heap after GC invocations=43 (full 3):
 PSYoungGen      total 193024K, used 6999K [0x00000000e0000000, 0x00000000ef380000, 0x0000000100000000)
  eden space 144896K, 0% used [0x00000000e0000000,0x00000000e0000000,0x00000000e8d80000)
  from space 48128K, 14% used [0x00000000ec480000,0x00000000ecb55c90,0x00000000ef380000)
  to   space 52224K, 0% used [0x00000000e8d80000,0x00000000e8d80000,0x00000000ec080000)
 ParOldGen       total 151040K, used 112725K [0x00000000a0000000, 0x00000000a9380000, 0x00000000e0000000)
  object space 151040K, 74% used [0x00000000a0000000,0x00000000a6e15588,0x00000000a9380000)
 Metaspace       used 75446K, capacity 81446K, committed 81812K, reserved 1120256K
  class space    used 9915K, capacity 10814K, committed 10940K, reserved 1048576K
}
Event: 2916.994 GC heap before
{Heap before GC invocations=44 (full 3):
 PSYoungGen      total 193024K, used 151895K [0x00000000e0000000, 0x00000000ef380000, 0x0000000100000000)
  eden space 144896K, 100% used [0x00000000e0000000,0x00000000e8d80000,0x00000000e8d80000)
  from space 48128K, 14% used [0x00000000ec480000,0x00000000ecb55c90,0x00000000ef380000)
  to   space 52224K, 0% used [0x00000000e8d80000,0x00000000e8d80000,0x00000000ec080000)
 ParOldGen       total 151040K, used 112725K [0x00000000a0000000, 0x00000000a9380000, 0x00000000e0000000)
  object space 151040K, 74% used [0x00000000a0000000,0x00000000a6e15588,0x00000000a9380000)
 Metaspace       used 75559K, capacity 81578K, committed 81812K, reserved 1120256K
  class space    used 9915K, capacity 10814K, committed 10940K, reserved 1048576K
Event: 2917.042 GC heap after
Heap after GC invocations=44 (full 3):
 PSYoungGen      total 172032K, used 30814K [0x00000000e0000000, 0x00000000ef080000, 0x0000000100000000)
  eden space 140800K, 0% used [0x00000000e0000000,0x00000000e0000000,0x00000000e8980000)
  from space 31232K, 98% used [0x00000000e8d80000,0x00000000eab97b60,0x00000000eac00000)
  to   space 52736K, 0% used [0x00000000ebd00000,0x00000000ebd00000,0x00000000ef080000)
 ParOldGen       total 151040K, used 112733K [0x00000000a0000000, 0x00000000a9380000, 0x00000000e0000000)
  object space 151040K, 74% used [0x00000000a0000000,0x00000000a6e17588,0x00000000a9380000)
 Metaspace       used 75559K, capacity 81578K, committed 81812K, reserved 1120256K
  class space    used 9915K, capacity 10814K, committed 10940K, reserved 1048576K
}
Event: 3158.399 GC heap before
{Heap before GC invocations=45 (full 3):
 PSYoungGen      total 172032K, used 171614K [0x00000000e0000000, 0x00000000ef080000, 0x0000000100000000)
  eden space 140800K, 100% used [0x00000000e0000000,0x00000000e8980000,0x00000000e8980000)
  from space 31232K, 98% used [0x00000000e8d80000,0x00000000eab97b60,0x00000000eac00000)
  to   space 52736K, 0% used [0x00000000ebd00000,0x00000000ebd00000,0x00000000ef080000)
 ParOldGen       total 151040K, used 112733K [0x00000000a0000000, 0x00000000a9380000, 0x00000000e0000000)
  object space 151040K, 74% used [0x00000000a0000000,0x00000000a6e17588,0x00000000a9380000)
 Metaspace       used 75611K, capacity 81596K, committed 81812K, reserved 1120256K
  class space    used 9916K, capacity 10817K, committed 10940K, reserved 1048576K
Event: 3158.409 GC heap after
Heap after GC invocations=45 (full 3):
 PSYoungGen      total 185344K, used 3297K [0x00000000e0000000, 0x00000000eec80000, 0x0000000100000000)
  eden space 136704K, 0% used [0x00000000e0000000,0x00000000e0000000,0x00000000e8580000)
  from space 48640K, 6% used [0x00000000ebd00000,0x00000000ec0386e0,0x00000000eec80000)
  to   space 52736K, 0% used [0x00000000e8580000,0x00000000e8580000,0x00000000eb900000)
 ParOldGen       total 151040K, used 112733K [0x00000000a0000000, 0x00000000a9380000, 0x00000000e0000000)
  object space 151040K, 74% used [0x00000000a0000000,0x00000000a6e17588,0x00000000a9380000)
 Metaspace       used 75611K, capacity 81596K, committed 81812K, reserved 1120256K
  class space    used 9916K, capacity 10817K, committed 10940K, reserved 1048576K
}

Deoptimization events (10 events):
Event: 2912.690 Thread 0x0000000022152800 Uncommon trap: reason=class_check action=maybe_recompile pc=0x0000000005a67e98 method=org.gradle.api.internal.changedetection.state.DirSnapshot.isContentUpToDate(Lorg/gradle/api/internal/changedetection/state/IncrementalFileSnapshot;)Z @ 1
Event: 2914.504 Thread 0x0000000022152800 Uncommon trap: reason=array_check action=maybe_recompile pc=0x00000000069f7d20 method=java.util.ComparableTimSort.reverseRange([Ljava/lang/Object;II)V @ 27
Event: 2914.506 Thread 0x0000000022152800 Uncommon trap: reason=unstable_if action=reinterpret pc=0x00000000069eec08 method=org.objectweb.asm.Type.a([CI)Lorg/objectweb/asm/Type; @ 181
Event: 2916.925 Thread 0x000000002215d000 Uncommon trap: reason=bimorphic action=maybe_recompile pc=0x000000000636491c method=com.android.dx.rop.code.Rops.opMoveResultPseudo(Lcom/android/dx/rop/type/TypeBearer;)Lcom/android/dx/rop/code/Rop; @ 7
Event: 2916.925 Thread 0x000000002215d000 Uncommon trap: reason=bimorphic action=maybe_recompile pc=0x000000000633f7d4 method=com.android.dx.ssa.LiteralOpUpgrader.tryReplacingWithConstant(Lcom/android/dx/ssa/NormalSsaInsn;)Z @ 52
Event: 2917.063 Thread 0x000000001e2bc800 Uncommon trap: reason=range_check action=make_not_entrant pc=0x0000000006805a88 method=com.android.dx.util.FixedSizeList.get0(I)Ljava/lang/Object; @ 5
Event: 2917.582 Thread 0x0000000022155800 Uncommon trap: reason=unstable_if action=reinterpret pc=0x00000000058b71cc method=org.gradle.api.internal.DefaultNamedDomainObjectCollection.applyRules(Ljava/lang/String;)V @ 10
Event: 2919.315 Thread 0x0000000022151800 Uncommon trap: reason=class_check action=maybe_recompile pc=0x0000000006a1b2d0 method=org.gradle.internal.serialize.AbstractEncoder$EncoderStream.write([BII)V @ 7
Event: 3491.891 Thread 0x0000000022157800 Uncommon trap: reason=class_check action=maybe_recompile pc=0x0000000006a1b2d0 method=org.gradle.internal.serialize.AbstractEncoder$EncoderStream.write([BII)V @ 7
Event: 3494.881 Thread 0x0000000022158800 Uncommon trap: reason=array_check action=maybe_recompile pc=0x00000000069f7d20 method=java.util.ComparableTimSort.reverseRange([Ljava/lang/Object;II)V @ 27

Internal exceptions (10 events):
Event: 2848.231 Thread 0x0000000022151800 Exception <a 'java/lang/NoSuchMethodError': <clinit>> (0x00000000e50613d0) thrown at [C:\workspace\8-2-build-windows-amd64-cygwin\jdk8u65\4987\hotspot\src\share\vm\prims\jni.cpp, line 1591]
Event: 2848.259 Thread 0x0000000022151800 Exception <a 'java/lang/NoSuchMethodError': <clinit>> (0x00000000e5081950) thrown at [C:\workspace\8-2-build-windows-amd64-cygwin\jdk8u65\4987\hotspot\src\share\vm\prims\jni.cpp, line 1591]
Event: 2848.288 Thread 0x0000000022151800 Exception <a 'java/lang/NoSuchMethodError': <clinit>> (0x00000000e5087428) thrown at [C:\workspace\8-2-build-windows-amd64-cygwin\jdk8u65\4987\hotspot\src\share\vm\prims\jni.cpp, line 1591]
Event: 2848.293 Thread 0x0000000022151800 Exception <a 'java/lang/NoSuchMethodError': <clinit>> (0x00000000e5099c88) thrown at [C:\workspace\8-2-build-windows-amd64-cygwin\jdk8u65\4987\hotspot\src\share\vm\prims\jni.cpp, line 1591]
Event: 2848.342 Thread 0x0000000022151800 Exception <a 'java/lang/NoSuchMethodError': <clinit>> (0x00000000e50c68a8) thrown at [C:\workspace\8-2-build-windows-amd64-cygwin\jdk8u65\4987\hotspot\src\share\vm\prims\jni.cpp, line 1591]
Event: 2903.057 Thread 0x0000000022152800 Exception <a 'java/lang/ClassNotFoundException': asLocalRepo2709_4gm4r0u2ekcx8k1uj4jcq9e2kBeanInfo> (0x00000000e5439740) thrown at [C:\workspace\8-2-build-windows-amd64-cygwin\jdk8u65\4987\hotspot\src\share\vm\classfile\systemDictionary.cpp, line 210]
Event: 2903.058 Thread 0x0000000022152800 Exception <a 'java/lang/ClassNotFoundException': asLocalRepo2709_4gm4r0u2ekcx8k1uj4jcq9e2kCustomizer> (0x00000000e5444e20) thrown at [C:\workspace\8-2-build-windows-amd64-cygwin\jdk8u65\4987\hotspot\src\share\vm\classfile\systemDictionary.cpp, line 210]
Event: 2919.267 Thread 0x0000000022152800 Exception <a 'sun/nio/fs/WindowsException'> (0x00000000e8680b30) thrown at [C:\workspace\8-2-build-windows-amd64-cygwin\jdk8u65\4987\hotspot\src\share\vm\prims\jni.cpp, line 709]
Event: 3494.912 Thread 0x0000000022158800 Exception <a 'java/lang/ClassNotFoundException': asLocalRepo1839_cd5d6c5unzqns3khn29tr3zg5BeanInfo> (0x00000000e0599bc0) thrown at [C:\workspace\8-2-build-windows-amd64-cygwin\jdk8u65\4987\hotspot\src\share\vm\classfile\systemDictionary.cpp, line 210]
Event: 3494.913 Thread 0x0000000022158800 Exception <a 'java/lang/ClassNotFoundException': asLocalRepo1839_cd5d6c5unzqns3khn29tr3zg5Customizer> (0x00000000e05a52a0) thrown at [C:\workspace\8-2-build-windows-amd64-cygwin\jdk8u65\4987\hotspot\src\share\vm\classfile\systemDictionary.cpp, line 210]

Events (10 events):
Event: 3494.987 loading class groovy/runtime/metaclass/asLocalRepo1839_cd5d6c5unzqns3khn29tr3zg5$_run_closure1$_closure2$_closure4$_closure5MetaClass
Event: 3494.988 loading class groovy/runtime/metaclass/asLocalRepo1839_cd5d6c5unzqns3khn29tr3zg5$_run_closure1$_closure2$_closure4$_closure5MetaClass done
Event: 3495.020 loading class asLocalRepo1839_cd5d6c5unzqns3khn29tr3zg5$_run_closure1$_closure3
Event: 3495.020 loading class asLocalRepo1839_cd5d6c5unzqns3khn29tr3zg5$_run_closure1$_closure3 done
Event: 3495.025 loading class groovy/runtime/metaclass/asLocalRepo1839_cd5d6c5unzqns3khn29tr3zg5$_run_closure1$_closure3MetaClass
Event: 3495.025 loading class groovy/runtime/metaclass/asLocalRepo1839_cd5d6c5unzqns3khn29tr3zg5$_run_closure1$_closure3MetaClass done
Event: 3495.026 loading class asLocalRepo1839_cd5d6c5unzqns3khn29tr3zg5$_run_closure1$_closure3$_closure6
Event: 3495.026 loading class asLocalRepo1839_cd5d6c5unzqns3khn29tr3zg5$_run_closure1$_closure3$_closure6 done
Event: 3495.027 loading class groovy/runtime/metaclass/asLocalRepo1839_cd5d6c5unzqns3khn29tr3zg5$_run_closure1$_closure3$_closure6MetaClass
Event: 3495.027 loading class groovy/runtime/metaclass/asLocalRepo1839_cd5d6c5unzqns3khn29tr3zg5$_run_closure1$_closure3$_closure6MetaClass done


Dynamic libraries:
0x00007ff63b450000 - 0x00007ff63b487000 	C:\Program Files\Java\jdk1.8.0_65\bin\java.exe
0x00007ffe48dd0000 - 0x00007ffe48fab000 	C:\WINDOWS\SYSTEM32\ntdll.dll
0x00007ffe488d0000 - 0x00007ffe4897e000 	C:\WINDOWS\System32\KERNEL32.DLL
0x00007ffe45440000 - 0x00007ffe45689000 	C:\WINDOWS\System32\KERNELBASE.dll
0x00007ffe48b20000 - 0x00007ffe48bc1000 	C:\WINDOWS\System32\ADVAPI32.dll
0x00007ffe463f0000 - 0x00007ffe4648d000 	C:\WINDOWS\System32\msvcrt.dll
0x00007ffe48ac0000 - 0x00007ffe48b19000 	C:\WINDOWS\System32\sechost.dll
0x00007ffe46490000 - 0x00007ffe465b5000 	C:\WINDOWS\System32\RPCRT4.dll
0x00007ffe47be0000 - 0x00007ffe47d2a000 	C:\WINDOWS\System32\USER32.dll
0x00007ffe46090000 - 0x00007ffe460ae000 	C:\WINDOWS\System32\win32u.dll
0x00007ffe46340000 - 0x00007ffe46367000 	C:\WINDOWS\System32\GDI32.dll
0x00007ffe45800000 - 0x00007ffe45988000 	C:\WINDOWS\System32\gdi32full.dll
0x00007ffe453a0000 - 0x00007ffe4543a000 	C:\WINDOWS\System32\msvcp_win.dll
0x00007ffe45700000 - 0x00007ffe457f6000 	C:\WINDOWS\System32\ucrtbase.dll
0x00007ffe3a320000 - 0x00007ffe3a587000 	C:\WINDOWS\WinSxS\amd64_microsoft.windows.common-controls_6595b64144ccf1df_6.0.15063.483_none_26002d27e7c744a2\COMCTL32.dll
0x00007ffe47ff0000 - 0x00007ffe482e9000 	C:\WINDOWS\System32\combase.dll
0x00007ffe45690000 - 0x00007ffe456fa000 	C:\WINDOWS\System32\bcryptPrimitives.dll
0x00007ffe48980000 - 0x00007ffe489ad000 	C:\WINDOWS\System32\IMM32.DLL
0x0000000050e30000 - 0x0000000050f02000 	C:\Program Files\Java\jdk1.8.0_65\jre\bin\msvcr100.dll
0x0000000077770000 - 0x0000000077ff9000 	C:\Program Files\Java\jdk1.8.0_65\jre\bin\server\jvm.dll
0x00007ffe46370000 - 0x00007ffe46378000 	C:\WINDOWS\System32\PSAPI.DLL
0x00007ffe436d0000 - 0x00007ffe436f3000 	C:\WINDOWS\SYSTEM32\WINMM.dll
0x00007ffe39f20000 - 0x00007ffe39f29000 	C:\WINDOWS\SYSTEM32\WSOCK32.dll
0x00007ffe36af0000 - 0x00007ffe36afa000 	C:\WINDOWS\SYSTEM32\VERSION.dll
0x00007ffe46380000 - 0x00007ffe463ec000 	C:\WINDOWS\System32\WS2_32.dll
0x00007ffe436a0000 - 0x00007ffe436cb000 	C:\WINDOWS\SYSTEM32\WINMMBASE.dll
0x00007ffe460b0000 - 0x00007ffe460f9000 	C:\WINDOWS\System32\cfgmgr32.dll
0x00000000505c0000 - 0x00000000505cf000 	C:\Program Files\Java\jdk1.8.0_65\jre\bin\verify.dll
0x0000000050590000 - 0x00000000505b9000 	C:\Program Files\Java\jdk1.8.0_65\jre\bin\java.dll
0x0000000050570000 - 0x0000000050586000 	C:\Program Files\Java\jdk1.8.0_65\jre\bin\zip.dll
0x00007ffe466a0000 - 0x00007ffe47ad7000 	C:\WINDOWS\System32\SHELL32.dll
0x00007ffe48a10000 - 0x00007ffe48aba000 	C:\WINDOWS\System32\shcore.dll
0x00007ffe45990000 - 0x00007ffe46083000 	C:\WINDOWS\System32\windows.storage.dll
0x00007ffe47b80000 - 0x00007ffe47bd1000 	C:\WINDOWS\System32\shlwapi.dll
0x00007ffe452d0000 - 0x00007ffe452e1000 	C:\WINDOWS\System32\kernel.appcore.dll
0x00007ffe45260000 - 0x00007ffe452ac000 	C:\WINDOWS\System32\powrprof.dll
0x00007ffe45240000 - 0x00007ffe45255000 	C:\WINDOWS\System32\profapi.dll
0x0000000050550000 - 0x000000005056a000 	C:\Program Files\Java\jdk1.8.0_65\jre\bin\net.dll
0x00007ffe44af0000 - 0x00007ffe44b4c000 	C:\WINDOWS\system32\mswsock.dll
0x0000000050530000 - 0x0000000050541000 	C:\Program Files\Java\jdk1.8.0_65\jre\bin\nio.dll
0x00007ffe2ec80000 - 0x00007ffe2ec9e000 	C:\Users\suvankarmitra\.gradle\native\23\windows-amd64\native-platform.dll
0x00007ffe44c90000 - 0x00007ffe44ca7000 	C:\WINDOWS\SYSTEM32\CRYPTSP.dll
0x00007ffe44710000 - 0x00007ffe44744000 	C:\WINDOWS\system32\rsaenh.dll
0x00007ffe45050000 - 0x00007ffe45075000 	C:\WINDOWS\SYSTEM32\bcrypt.dll
0x00007ffe45140000 - 0x00007ffe45169000 	C:\WINDOWS\SYSTEM32\USERENV.dll
0x00007ffe44cb0000 - 0x00007ffe44cbb000 	C:\WINDOWS\SYSTEM32\CRYPTBASE.dll
0x00007ffe44890000 - 0x00007ffe448c7000 	C:\WINDOWS\SYSTEM32\IPHLPAPI.DLL
0x00007ffe48d40000 - 0x00007ffe48d48000 	C:\WINDOWS\System32\NSI.dll
0x00007ffe3b110000 - 0x00007ffe3b126000 	C:\WINDOWS\SYSTEM32\dhcpcsvc6.DLL
0x00007ffe3b5f0000 - 0x00007ffe3b60a000 	C:\WINDOWS\SYSTEM32\dhcpcsvc.DLL
0x0000000050520000 - 0x000000005052d000 	C:\Program Files\Java\jdk1.8.0_65\jre\bin\management.dll
0x00000000504f0000 - 0x0000000050514000 	C:\Program Files\Java\jdk1.8.0_65\jre\bin\sunec.dll
0x00000000504e0000 - 0x00000000504eb000 	C:\Program Files\Java\jdk1.8.0_65\jre\bin\sunmscapi.dll
0x00007ffe46160000 - 0x00007ffe46329000 	C:\WINDOWS\System32\CRYPT32.dll
0x00007ffe452b0000 - 0x00007ffe452c1000 	C:\WINDOWS\System32\MSASN1.dll

VM Arguments:
jvm_args: -Xmx1536m -Dfile.encoding=windows-1252 -Duser.country=US -Duser.language=en -Duser.variant 
java_command: org.gradle.launcher.daemon.bootstrap.GradleDaemon 3.3
java_class_path (initial): C:\Users\suvankarmitra\.gradle\wrapper\dists\gradle-3.3-all\55gk2rcmfc6p2dg9u9ohc3hw9\gradle-3.3\lib\gradle-launcher-3.3.jar
Launcher Type: SUN_STANDARD

Environment Variables:
JAVA_HOME=C:\Program Files\Java\jdk1.8.0_65
PATH=C:\ProgramData\Oracle\Java\javapath;C:\WINDOWS\system32;C:\WINDOWS;C:\WINDOWS\System32\Wbem;C:\WINDOWS\System32\WindowsPowerShell\v1.0\;C:\Program Files\Java\jdk1.8.0_65\bin;C:\Program Files\Apache Software Foundation\Apache Tomcat 8.0.27\bin;C:\Program Files (x86)\Common Files\lenovo\easyplussdk\bin;C:\Program Files\Git\cmd;C:\Program Files (x86)\GtkSharp\2.12\bin;C:\Program Files (x86)\Skype\Phone\;C:\Program Files\nodejs\;C:\Program Files\Intel\WiFi\bin\;C:\Program Files\Common Files\Intel\WirelessCommon\;C:\Program Files\Java\jdk1.8.0_65\bin;C:\Program Files\MongoDB\Server\3.2\bin;C:\apache-maven-3.3.9\bin;C:\Users\suvankarmitra\AppData\Local\Microsoft\WindowsApps;C:\Users\suvankarmitra\AppData\Local\atom\bin;C:\Users\suvankarmitra\AppData\Local\Microsoft\WindowsApps;C:\Users\suvankarmitra\AppData\Roaming\npm
USERNAME=suvankarmitra
OS=Windows_NT
PROCESSOR_IDENTIFIER=Intel64 Family 6 Model 58 Stepping 9, GenuineIntel



---------------  S Y S T E M  ---------------

OS: Windows 10.0 , 64 bit Build 15063 (10.0.15063.296)

CPU:total 4 (2 cores per cpu, 2 threads per core) family 6 model 58 stepping 9, cmov, cx8, fxsr, mmx, sse, sse2, sse3, ssse3, sse4.1, sse4.2, popcnt, avx, aes, clmul, erms, ht, tsc, tscinvbit, tscinv

Memory: 4k page, physical 8273256k(423084k free), swap 10833256k(3344k free)

vm_info: Java HotSpot(TM) 64-Bit Server VM (25.65-b01) for windows-amd64 JRE (1.8.0_65-b17), built on Oct  6 2015 16:39:20 by "java_re" with MS VC++ 10.0 (VS2010)

time: Mon Oct 16 23:00:23 2017
elapsed time: 3496 seconds (0d 0h 58m 16s)

